<?xml version="1.0" encoding="UTF-8"?>
<!-- Generated by org.testng.reporters.JUnitXMLReporter -->
<testsuite ignored="4" hostname="DESKTOP-FA6R54Q" failures="0" tests="8" name="E2E HouseHold APIs" time="0.568" errors="0" timestamp="2025-05-18T21:46:45 EEST">
  <testcase classname="testCases.HouseHolds.TC01_CreateHouseHold" name="checkCreateNewHouseHold_P" time="0.14"/>
  <testcase classname="testCases.HouseHolds.TC02_GetHouseHold" name="checkGetHouseHoldById_P" time="0.059"/>
  <testcase classname="testCases.HouseHolds.TC03_UpdateHouseHold" name="checkUpdateHouseHoldAdded_P" time="0.121"/>
  <testcase classname="testCases.HouseHolds.TC02_GetHouseHold" name="checkGetHouseHoldAfterUpdate_P" time="0.054"/>
  <testcase classname="testCases.HouseHolds.TC04_PartialUpdateHouseHold" name="checkPartialUpdate_P" time="0.047"/>
  <testcase classname="testCases.HouseHolds.TC02_GetHouseHold" name="checkRetrieveAllHouseHold_P" time="0.056"/>
  <testcase classname="testCases.HouseHolds.TC05_DeleteHouseHold" name="checkDeleteHouseHoldById_P" time="0.03"/>
  <testcase classname="testCases.HouseHolds.TC02_GetHouseHold" name="checkGetHouseHoldAfterDelete_P" time="0.028"/>
  <testcase classname="testCases.TestBase" name="@BeforeTest setBaseURL" time="0.0">
    <ignored/>
  </testcase> <!-- @BeforeTest setBaseURL -->
  <testcase classname="testCases.TestBase" name="@BeforeTest setBaseURL" time="0.0">
    <ignored/>
  </testcase> <!-- @BeforeTest setBaseURL -->
  <testcase classname="testCases.TestBase" name="@BeforeTest setBaseURL" time="0.0">
    <ignored/>
  </testcase> <!-- @BeforeTest setBaseURL -->
  <testcase classname="testCases.TestBase" name="@BeforeTest setBaseURL" time="0.0">
    <ignored/>
  </testcase> <!-- @BeforeTest setBaseURL -->
</testsuite> <!-- E2E HouseHold APIs -->
