<?xml version="1.0" encoding="UTF-8"?>
<!-- Generated by org.testng.reporters.JUnitXMLReporter -->
<testsuite ignored="4" hostname="DESKTOP-FA6R54Q" failures="0" tests="8" name="E2E WishList APIs" time="0.591" errors="0" timestamp="2025-05-18T21:42:09 EEST">
  <testcase classname="testCases.WishLists.TC01_CreateWishList" name="checkCreateNewWishList_P" time="0.176"/>
  <testcase classname="testCases.WishLists.TC02_GetWishListByID" name="checkGetWishListById_P" time="0.076"/>
  <testcase classname="testCases.WishLists.TC03_UpdateWishListById" name="checkUpdateWishListAdded_P" time="0.141"/>
  <testcase classname="testCases.WishLists.TC02_GetWishListByID" name="checkGetWishListAfterUpdate_P" time="0.066"/>
  <testcase classname="testCases.WishLists.TC04_PartialUpdateForWishList" name="checkPartialUpdate_P" time="0.028"/>
  <testcase classname="testCases.WishLists.TC02_GetWishListByID" name="checkRetrieveAllWishList_P" time="0.03"/>
  <testcase classname="testCases.WishLists.TC05_DeleteWishList" name="checkDeleteWishListById_P" time="0.018"/>
  <testcase classname="testCases.WishLists.TC02_GetWishListByID" name="checkGetWishListAfterDelete_P" time="0.024"/>
  <testcase classname="testCases.TestBase" name="@BeforeTest setBaseURL" time="0.0">
    <ignored/>
  </testcase> <!-- @BeforeTest setBaseURL -->
  <testcase classname="testCases.TestBase" name="@BeforeTest setBaseURL" time="0.0">
    <ignored/>
  </testcase> <!-- @BeforeTest setBaseURL -->
  <testcase classname="testCases.TestBase" name="@BeforeTest setBaseURL" time="0.0">
    <ignored/>
  </testcase> <!-- @BeforeTest setBaseURL -->
  <testcase classname="testCases.TestBase" name="@BeforeTest setBaseURL" time="0.0">
    <ignored/>
  </testcase> <!-- @BeforeTest setBaseURL -->
</testsuite> <!-- E2E WishList APIs -->
