<?xml version="1.0" encoding="UTF-8"?>
<!-- Generated by org.testng.reporters.JUnitXMLReporter -->
<testsuite ignored="3" hostname="DESKTOP-FA6R54Q" failures="0" tests="2" name="Create new book" time="5.178" errors="0" timestamp="2025-05-17T19:24:17 EEST">
  <testcase classname="testCases.Book.TC01_CreateBook" name="checkCreateNewBook_P" time="4.016"/>
  <testcase classname="testCases.Book.TC02_GetBook" name="checkGetBookById_P" time="0.184"/>
  <testcase classname="testCases.Book.TC02_GetBook" name="checkGetBookAfterDelete_P" time="0.0">
    <ignored/>
  </testcase> <!-- checkGetBookAfterDelete_P -->
  <testcase classname="testCases.TestBase" name="@BeforeTest setBaseURL" time="0.0">
    <ignored/>
  </testcase> <!-- @BeforeTest setBaseURL -->
  <testcase classname="testCases.Book.TC02_GetBook" name="checkRetrieveAllBooks_P" time="0.0">
    <ignored/>
  </testcase> <!-- checkRetrieveAllBooks_P -->
</testsuite> <!-- Create new book -->
