<?xml version="1.0" encoding="UTF-8"?>
<!-- Generated by org.testng.reporters.JUnitXMLReporter -->
<testsuite ignored="3" hostname="DESKTOP-FA6R54Q" failures="0" tests="4" name="update book" time="0.637" errors="0" timestamp="2025-05-17T19:24:17 EEST">
  <testcase classname="testCases.Book.TC03_UpdateBookById" name="checkUpdateBookAdded_P" time="0.287"/>
  <testcase classname="testCases.Book.TC02_GetBook" name="checkRetrieveAllBooks_P" time="0.13"/>
  <testcase classname="testCases.Book.TC02_GetBook" name="checkGetBookById_P" time="0.174"/>
  <testcase classname="testCases.Book.TC04_PartialUpdateForBook" name="checkPartialUpdate_P" time="0.029"/>
  <testcase classname="testCases.TestBase" name="@BeforeTest setBaseURL" time="0.0">
    <ignored/>
  </testcase> <!-- @BeforeTest setBaseURL -->
  <testcase classname="testCases.TestBase" name="@BeforeTest setBaseURL" time="0.0">
    <ignored/>
  </testcase> <!-- @BeforeTest setBaseURL -->
  <testcase classname="testCases.Book.TC02_GetBook" name="checkGetBookAfterDelete_P" time="0.0">
    <ignored/>
  </testcase> <!-- checkGetBookAfterDelete_P -->
</testsuite> <!-- update book -->
