<?xml version="1.0" encoding="UTF-8"?>
<!-- Generated by org.testng.reporters.JUnitXMLReporter -->
<testsuite ignored="4" hostname="DESKTOP-FA6R54Q" failures="0" tests="8" name="E2E User APIs" time="0.956" errors="0" timestamp="2025-05-18T21:42:09 EEST">
  <testcase classname="testCases.Users.TC01_CreateUser" name="checkCreateNewUser_P" time="0.352"/>
  <testcase classname="testCases.Users.TC02_GetUser" name="checkGetUserById_P" time="0.165"/>
  <testcase classname="testCases.Users.TC03_UpdateUserById" name="checkUpdateUserAdded_P" time="0.19"/>
  <testcase classname="testCases.Users.TC02_GetUser" name="checkGetUserAfterUpdate_P" time="0.09"/>
  <testcase classname="testCases.Users.TC04_PartialUpdateForUser" name="checkPartialUpdate_P" time="0.031"/>
  <testcase classname="testCases.Users.TC02_GetUser" name="checkRetrieveAllUsers_P" time="0.057"/>
  <testcase classname="testCases.Users.TC05_DeleteUser" name="checkDeleteUserById_P" time="0.021"/>
  <testcase classname="testCases.Users.TC02_GetUser" name="checkGetUserAfterDelete_P" time="0.019"/>
  <testcase classname="testCases.TestBase" name="@BeforeTest setBaseURL" time="0.0">
    <ignored/>
  </testcase> <!-- @BeforeTest setBaseURL -->
  <testcase classname="testCases.TestBase" name="@BeforeTest setBaseURL" time="0.0">
    <ignored/>
  </testcase> <!-- @BeforeTest setBaseURL -->
  <testcase classname="testCases.TestBase" name="@BeforeTest setBaseURL" time="0.0">
    <ignored/>
  </testcase> <!-- @BeforeTest setBaseURL -->
  <testcase classname="testCases.TestBase" name="@BeforeTest setBaseURL" time="0.0">
    <ignored/>
  </testcase> <!-- @BeforeTest setBaseURL -->
</testsuite> <!-- E2E User APIs -->
