<?xml version="1.0" encoding="UTF-8"?>
<!-- Generated by org.testng.reporters.JUnitXMLReporter -->
<testsuite ignored="1" hostname="DESKTOP-FA6R54Q" failures="0" tests="2" name="Create new book" time="5.011" errors="0" timestamp="2025-05-17T19:04:10 EEST">
  <testcase classname="testCases.Book.TC01_CreateBook" name="checkCreateNewBook_P" time="3.952"/>
  <testcase classname="testCases.Book.TC02_GetBook" name="checkGetBookById_P" time="0.145"/>
  <testcase classname="testCases.TestBase" name="@BeforeTest setBaseURL" time="0.0">
    <ignored/>
  </testcase> <!-- @BeforeTest setBaseURL -->
</testsuite> <!-- Create new book -->
