<?xml version="1.0" encoding="UTF-8"?>
<!-- Generated by org.testng.reporters.JUnitXMLReporter -->
<testsuite ignored="1" hostname="DESKTOP-FA6R54Q" failures="0" tests="2" name="delete added book" time="0.051" errors="0" timestamp="2025-05-17T19:04:11 EEST">
  <testcase classname="testCases.Book.TC05_DeleteBook" name="checkDeleteBookById_P" time="0.023"/>
  <testcase classname="testCases.Book.TC07_GetBookAfterDelete" name="checkGetBookAfterDelete_P" time="0.022"/>
  <testcase classname="testCases.TestBase" name="@BeforeTest setBaseURL" time="0.0">
    <ignored/>
  </testcase> <!-- @BeforeTest setBaseURL -->
</testsuite> <!-- delete added book -->
