<?xml version="1.0" encoding="UTF-8"?>
<!-- Generated by org.testng.reporters.JUnitXMLReporter -->
<testsuite ignored="2" hostname="DESKTOP-FA6R54Q" failures="0" tests="3" name="update book" time="0.393" errors="0" timestamp="2025-05-17T19:04:10 EEST">
  <testcase classname="testCases.Book.TC03_UpdateBookById" name="checkUpdateBookAdded_P" time="0.226"/>
  <testcase classname="testCases.Book.TC02_GetBook" name="checkGetBookById_P" time="0.13"/>
  <testcase classname="testCases.Book.TC04_PartialUpdateForBook" name="checkPartialUpdate_P" time="0.029"/>
  <testcase classname="testCases.TestBase" name="@BeforeTest setBaseURL" time="0.0">
    <ignored/>
  </testcase> <!-- @BeforeTest setBaseURL -->
  <testcase classname="testCases.TestBase" name="@BeforeTest setBaseURL" time="0.0">
    <ignored/>
  </testcase> <!-- @BeforeTest setBaseURL -->
</testsuite> <!-- update book -->
