<?xml version="1.0" encoding="UTF-8"?>
<!-- Generated by org.testng.reporters.JUnitXMLReporter -->
<testsuite ignored="4" hostname="DESKTOP-FA6R54Q" failures="0" tests="8" name="E2E User APIs" time="0.862" errors="0" timestamp="2025-05-18T22:05:40 EEST">
  <testcase classname="testCases.Users.TC01_CreateUser" name="checkCreateNewUser_P" time="0.297"/>
  <testcase classname="testCases.Users.TC02_GetUser" name="checkGetUserById_P" time="0.123"/>
  <testcase classname="testCases.Users.TC03_UpdateUserById" name="checkUpdateUserAdded_P" time="0.18"/>
  <testcase classname="testCases.Users.TC02_GetUser" name="checkGetUserAfterUpdate_P" time="0.11"/>
  <testcase classname="testCases.Users.TC04_PartialUpdateForUser" name="checkPartialUpdate_P" time="0.032"/>
  <testcase classname="testCases.Users.TC02_GetUser" name="checkRetrieveAllUsers_P" time="0.052"/>
  <testcase classname="testCases.Users.TC05_DeleteUser" name="checkDeleteUserById_P" time="0.02"/>
  <testcase classname="testCases.Users.TC02_GetUser" name="checkGetUserAfterDelete_P" time="0.021"/>
  <testcase classname="testCases.TestBase" name="@BeforeTest setBaseURL" time="0.0">
    <ignored/>
  </testcase> <!-- @BeforeTest setBaseURL -->
  <testcase classname="testCases.TestBase" name="@BeforeTest setBaseURL" time="0.0">
    <ignored/>
  </testcase> <!-- @BeforeTest setBaseURL -->
  <testcase classname="testCases.TestBase" name="@BeforeTest setBaseURL" time="0.0">
    <ignored/>
  </testcase> <!-- @BeforeTest setBaseURL -->
  <testcase classname="testCases.TestBase" name="@BeforeTest setBaseURL" time="0.0">
    <ignored/>
  </testcase> <!-- @BeforeTest setBaseURL -->
</testsuite> <!-- E2E User APIs -->
