<?xml version="1.0" encoding="UTF-8"?>
<!-- Generated by org.testng.reporters.JUnitXMLReporter -->
<testsuite ignored="4" hostname="DESKTOP-FA6R54Q" failures="0" tests="8" name="E2E User APIs" time="0.848" errors="0" timestamp="2025-05-18T21:58:48 EEST">
  <testcase classname="testCases.Users.TC01_CreateUser" name="checkCreateNewUser_P" time="0.289"/>
  <testcase classname="testCases.Users.TC02_GetUser" name="checkGetUserById_P" time="0.139"/>
  <testcase classname="testCases.Users.TC03_UpdateUserById" name="checkUpdateUserAdded_P" time="0.174"/>
  <testcase classname="testCases.Users.TC02_GetUser" name="checkGetUserAfterUpdate_P" time="0.082"/>
  <testcase classname="testCases.Users.TC04_PartialUpdateForUser" name="checkPartialUpdate_P" time="0.032"/>
  <testcase classname="testCases.Users.TC02_GetUser" name="checkRetrieveAllUsers_P" time="0.047"/>
  <testcase classname="testCases.Users.TC05_DeleteUser" name="checkDeleteUserById_P" time="0.02"/>
  <testcase classname="testCases.Users.TC02_GetUser" name="checkGetUserAfterDelete_P" time="0.031"/>
  <testcase classname="testCases.TestBase" name="@BeforeTest setBaseURL" time="0.0">
    <ignored/>
  </testcase> <!-- @BeforeTest setBaseURL -->
  <testcase classname="testCases.TestBase" name="@BeforeTest setBaseURL" time="0.0">
    <ignored/>
  </testcase> <!-- @BeforeTest setBaseURL -->
  <testcase classname="testCases.TestBase" name="@BeforeTest setBaseURL" time="0.0">
    <ignored/>
  </testcase> <!-- @BeforeTest setBaseURL -->
  <testcase classname="testCases.TestBase" name="@BeforeTest setBaseURL" time="0.0">
    <ignored/>
  </testcase> <!-- @BeforeTest setBaseURL -->
</testsuite> <!-- E2E User APIs -->
