<?xml version="1.0" encoding="UTF-8"?>
<!-- Generated by org.testng.reporters.JUnitXMLReporter -->
<testsuite ignored="4" hostname="DESKTOP-FA6R54Q" failures="0" tests="8" name="E2E Book APIs" time="8.786" errors="0" timestamp="2025-05-18T22:05:38 EEST">
  <testcase classname="testCases.Book.TC01_CreateBook" name="checkCreateNewBook_P" time="5.794"/>
  <testcase classname="testCases.Book.TC02_GetBook" name="checkGetBookById_P" time="0.203"/>
  <testcase classname="testCases.Book.TC03_UpdateBookById" name="checkUpdateBookAdded_P" time="0.453"/>
  <testcase classname="testCases.Book.TC02_GetBook" name="checkGetBookByIdAfterUpdate_P" time="0.123"/>
  <testcase classname="testCases.Book.TC04_PartialUpdateForBook" name="checkPartialUpdate_P" time="0.037"/>
  <testcase classname="testCases.Book.TC02_GetBook" name="checkRetrieveAllBooks_P" time="0.23"/>
  <testcase classname="testCases.Book.TC05_DeleteBook" name="checkDeleteBookById_P" time="0.034"/>
  <testcase classname="testCases.Book.TC02_GetBook" name="checkGetBookAfterDelete_P" time="0.032"/>
  <testcase classname="testCases.TestBase" name="@BeforeTest setBaseURL" time="0.0">
    <ignored/>
  </testcase> <!-- @BeforeTest setBaseURL -->
  <testcase classname="testCases.TestBase" name="@BeforeTest setBaseURL" time="0.0">
    <ignored/>
  </testcase> <!-- @BeforeTest setBaseURL -->
  <testcase classname="testCases.TestBase" name="@BeforeTest setBaseURL" time="0.0">
    <ignored/>
  </testcase> <!-- @BeforeTest setBaseURL -->
  <testcase classname="testCases.TestBase" name="@BeforeTest setBaseURL" time="0.0">
    <ignored/>
  </testcase> <!-- @BeforeTest setBaseURL -->
</testsuite> <!-- E2E Book APIs -->
