<?xml version="1.0" encoding="UTF-8"?>
<!-- Generated by org.testng.reporters.JUnitXMLReporter -->
<testsuite ignored="4" hostname="DESKTOP-FA6R54Q" failures="0" tests="8" name="E2E WishList APIs" time="7.246" errors="0" timestamp="2025-05-18T21:39:26 EEST">
  <testcase classname="testCases.WishLists.TC01_CreateWishList" name="checkCreateNewWishList_P" time="5.272"/>
  <testcase classname="testCases.WishLists.TC02_GetWishListByID" name="checkGetWishListById_P" time="0.122"/>
  <testcase classname="testCases.WishLists.TC03_UpdateWishListById" name="checkUpdateWishListAdded_P" time="0.206"/>
  <testcase classname="testCases.WishLists.TC02_GetWishListByID" name="checkGetWishListAfterUpdate_P" time="0.103"/>
  <testcase classname="testCases.WishLists.TC04_PartialUpdateForWishList" name="checkPartialUpdate_P" time="0.047"/>
  <testcase classname="testCases.WishLists.TC02_GetWishListByID" name="checkRetrieveAllWishList_P" time="0.071"/>
  <testcase classname="testCases.WishLists.TC05_DeleteWishList" name="checkDeleteWishListById_P" time="0.029"/>
  <testcase classname="testCases.WishLists.TC02_GetWishListByID" name="checkGetWishListAfterDelete_P" time="0.029"/>
  <testcase classname="testCases.TestBase" name="@BeforeTest setBaseURL" time="0.0">
    <ignored/>
  </testcase> <!-- @BeforeTest setBaseURL -->
  <testcase classname="testCases.TestBase" name="@BeforeTest setBaseURL" time="0.0">
    <ignored/>
  </testcase> <!-- @BeforeTest setBaseURL -->
  <testcase classname="testCases.TestBase" name="@BeforeTest setBaseURL" time="0.0">
    <ignored/>
  </testcase> <!-- @BeforeTest setBaseURL -->
  <testcase classname="testCases.TestBase" name="@BeforeTest setBaseURL" time="0.0">
    <ignored/>
  </testcase> <!-- @BeforeTest setBaseURL -->
</testsuite> <!-- E2E WishList APIs -->
