<?xml version="1.0" encoding="UTF-8"?>
<testng-results ignored="0" total="32" passed="32" failed="0" skipped="0">
  <reporter-output>
  </reporter-output>
  <suite started-at="2025-05-18T21:46:38 EEST" name="All Tests for Books" finished-at="2025-05-18T21:46:44 EEST" duration-ms="6795">
    <groups>
    </groups>
    <test started-at="2025-05-18T21:46:38 EEST" name="E2E Book APIs" finished-at="2025-05-18T21:46:44 EEST" duration-ms="6795">
      <class name="testCases.Book.TC03_UpdateBookById">
        <test-method signature="checkUpdateBookAdded_P()[pri:1, instance:testCases.Book.TC03_UpdateBookById@6bcbf05b]" started-at="2025-05-18T21:46:44 EEST" name="checkUpdateBookAdded_P" description="Create BooK api with valid data" finished-at="2025-05-18T21:46:44 EEST" duration-ms="407" status="PASS">
          <reporter-output>
          </reporter-output>
        </test-method> <!-- checkUpdateBookAdded_P -->
      </class> <!-- testCases.Book.TC03_UpdateBookById -->
      <class name="testCases.Book.TC04_PartialUpdateForBook">
        <test-method signature="checkPartialUpdate_P()[pri:1, instance:testCases.Book.TC04_PartialUpdateForBook@2d66530f]" started-at="2025-05-18T21:46:44 EEST" name="checkPartialUpdate_P" description="check partial update api with valid data" finished-at="2025-05-18T21:46:44 EEST" duration-ms="38" status="PASS">
          <reporter-output>
          </reporter-output>
        </test-method> <!-- checkPartialUpdate_P -->
      </class> <!-- testCases.Book.TC04_PartialUpdateForBook -->
      <class name="testCases.Book.TC05_DeleteBook">
        <test-method signature="checkDeleteBookById_P()[pri:1, instance:testCases.Book.TC05_DeleteBook@1d207fad]" started-at="2025-05-18T21:46:44 EEST" name="checkDeleteBookById_P" description="check delete book by id " finished-at="2025-05-18T21:46:44 EEST" duration-ms="28" status="PASS">
          <reporter-output>
          </reporter-output>
        </test-method> <!-- checkDeleteBookById_P -->
      </class> <!-- testCases.Book.TC05_DeleteBook -->
      <class name="testCases.Book.TC02_GetBook">
        <test-method signature="checkGetBookById_P()[pri:1, instance:testCases.Book.TC02_GetBook@458544e0]" started-at="2025-05-18T21:46:43 EEST" name="checkGetBookById_P" description="Get Book details API by ID" finished-at="2025-05-18T21:46:44 EEST" depends-on-methods="checkCreateNewBook_P" duration-ms="153" status="PASS">
          <reporter-output>
          </reporter-output>
        </test-method> <!-- checkGetBookById_P -->
        <test-method signature="checkGetBookByIdAfterUpdate_P()[pri:2, instance:testCases.Book.TC02_GetBook@458544e0]" started-at="2025-05-18T21:46:44 EEST" name="checkGetBookByIdAfterUpdate_P" description="Get Book details API by ID" finished-at="2025-05-18T21:46:44 EEST" depends-on-methods="checkUpdateBookAdded_P" duration-ms="128" status="PASS">
          <reporter-output>
          </reporter-output>
        </test-method> <!-- checkGetBookByIdAfterUpdate_P -->
        <test-method signature="checkRetrieveAllBooks_P()[pri:3, instance:testCases.Book.TC02_GetBook@458544e0]" started-at="2025-05-18T21:46:44 EEST" name="checkRetrieveAllBooks_P" description="Get BooK details api by id" finished-at="2025-05-18T21:46:44 EEST" depends-on-methods="checkPartialUpdate_P" duration-ms="125" status="PASS">
          <reporter-output>
          </reporter-output>
        </test-method> <!-- checkRetrieveAllBooks_P -->
        <test-method signature="checkGetBookAfterDelete_P()[pri:4, instance:testCases.Book.TC02_GetBook@458544e0]" started-at="2025-05-18T21:46:44 EEST" name="checkGetBookAfterDelete_P" description="check delete book by id " finished-at="2025-05-18T21:46:44 EEST" depends-on-methods="checkDeleteBookById_P" duration-ms="25" status="PASS">
          <reporter-output>
          </reporter-output>
        </test-method> <!-- checkGetBookAfterDelete_P -->
      </class> <!-- testCases.Book.TC02_GetBook -->
      <class name="testCases.Book.TC01_CreateBook">
        <test-method is-config="true" signature="setBaseURL()[pri:0, instance:testCases.Book.TC01_CreateBook@afb5821]" started-at="2025-05-18T21:46:38 EEST" name="setBaseURL" finished-at="2025-05-18T21:46:38 EEST" duration-ms="541" status="PASS">
          <reporter-output>
          </reporter-output>
        </test-method> <!-- setBaseURL -->
        <test-method signature="checkCreateNewBook_P()[pri:1, instance:testCases.Book.TC01_CreateBook@afb5821]" started-at="2025-05-18T21:46:38 EEST" name="checkCreateNewBook_P" description="Create BooK api with valid data" finished-at="2025-05-18T21:46:43 EEST" duration-ms="5099" status="PASS">
          <reporter-output>
          </reporter-output>
        </test-method> <!-- checkCreateNewBook_P -->
      </class> <!-- testCases.Book.TC01_CreateBook -->
    </test> <!-- E2E Book APIs -->
  </suite> <!-- All Tests for Books -->
  <suite started-at="2025-05-18T21:46:46 EEST" name="All Tests for WishList" finished-at="2025-05-18T21:46:47 EEST" duration-ms="616">
    <groups>
    </groups>
    <test started-at="2025-05-18T21:46:46 EEST" name="E2E WishList APIs" finished-at="2025-05-18T21:46:47 EEST" duration-ms="616">
      <class name="testCases.WishLists.TC04_PartialUpdateForWishList">
        <test-method signature="checkPartialUpdate_P()[pri:1, instance:testCases.WishLists.TC04_PartialUpdateForWishList@7df4709e]" started-at="2025-05-18T21:46:47 EEST" name="checkPartialUpdate_P" description="check partial update for wishlist api with valid data" finished-at="2025-05-18T21:46:47 EEST" duration-ms="26" status="PASS">
          <reporter-output>
          </reporter-output>
        </test-method> <!-- checkPartialUpdate_P -->
      </class> <!-- testCases.WishLists.TC04_PartialUpdateForWishList -->
      <class name="testCases.WishLists.TC05_DeleteWishList">
        <test-method signature="checkDeleteWishListById_P()[pri:1, instance:testCases.WishLists.TC05_DeleteWishList@2bfa17b0]" started-at="2025-05-18T21:46:47 EEST" name="checkDeleteWishListById_P" description="check delete wishlist by id " finished-at="2025-05-18T21:46:47 EEST" duration-ms="20" status="PASS">
          <reporter-output>
          </reporter-output>
        </test-method> <!-- checkDeleteWishListById_P -->
      </class> <!-- testCases.WishLists.TC05_DeleteWishList -->
      <class name="testCases.WishLists.TC02_GetWishListByID">
        <test-method signature="checkGetWishListById_P()[pri:1, instance:testCases.WishLists.TC02_GetWishListByID@3ef0e576]" started-at="2025-05-18T21:46:46 EEST" name="checkGetWishListById_P" description="Get wishlist details by ID" finished-at="2025-05-18T21:46:46 EEST" depends-on-methods="checkCreateNewWishList_P" duration-ms="93" status="PASS">
          <reporter-output>
          </reporter-output>
        </test-method> <!-- checkGetWishListById_P -->
        <test-method signature="checkGetWishListAfterUpdate_P()[pri:2, instance:testCases.WishLists.TC02_GetWishListByID@3ef0e576]" started-at="2025-05-18T21:46:47 EEST" name="checkGetWishListAfterUpdate_P" description="Get wishlist details after update" finished-at="2025-05-18T21:46:47 EEST" depends-on-methods="checkUpdateWishListAdded_P" duration-ms="72" status="PASS">
          <reporter-output>
          </reporter-output>
        </test-method> <!-- checkGetWishListAfterUpdate_P -->
        <test-method signature="checkRetrieveAllWishList_P()[pri:3, instance:testCases.WishLists.TC02_GetWishListByID@3ef0e576]" started-at="2025-05-18T21:46:47 EEST" name="checkRetrieveAllWishList_P" description="Get wishlist details api by id" finished-at="2025-05-18T21:46:47 EEST" depends-on-methods="checkPartialUpdate_P" duration-ms="35" status="PASS">
          <reporter-output>
          </reporter-output>
        </test-method> <!-- checkRetrieveAllWishList_P -->
        <test-method signature="checkGetWishListAfterDelete_P()[pri:4, instance:testCases.WishLists.TC02_GetWishListByID@3ef0e576]" started-at="2025-05-18T21:46:47 EEST" name="checkGetWishListAfterDelete_P" description="check delete wishlist by id " finished-at="2025-05-18T21:46:47 EEST" depends-on-methods="checkDeleteWishListById_P" duration-ms="22" status="PASS">
          <reporter-output>
          </reporter-output>
        </test-method> <!-- checkGetWishListAfterDelete_P -->
      </class> <!-- testCases.WishLists.TC02_GetWishListByID -->
      <class name="testCases.WishLists.TC01_CreateWishList">
        <test-method is-config="true" signature="setBaseURL()[pri:0, instance:testCases.WishLists.TC01_CreateWishList@5d84e363]" started-at="2025-05-18T21:46:46 EEST" name="setBaseURL" finished-at="2025-05-18T21:46:46 EEST" duration-ms="2" status="PASS">
          <reporter-output>
          </reporter-output>
        </test-method> <!-- setBaseURL -->
        <test-method signature="checkCreateNewWishList_P()[pri:1, instance:testCases.WishLists.TC01_CreateWishList@5d84e363]" started-at="2025-05-18T21:46:46 EEST" name="checkCreateNewWishList_P" description="Create wishlist api with valid data" finished-at="2025-05-18T21:46:46 EEST" duration-ms="150" status="PASS">
          <reporter-output>
          </reporter-output>
        </test-method> <!-- checkCreateNewWishList_P -->
      </class> <!-- testCases.WishLists.TC01_CreateWishList -->
      <class name="testCases.WishLists.TC03_UpdateWishListById">
        <test-method signature="checkUpdateWishListAdded_P()[pri:1, instance:testCases.WishLists.TC03_UpdateWishListById@6c6379c]" started-at="2025-05-18T21:46:46 EEST" name="checkUpdateWishListAdded_P" description="Create wishlist api with valid data" finished-at="2025-05-18T21:46:47 EEST" duration-ms="168" status="PASS">
          <reporter-output>
          </reporter-output>
        </test-method> <!-- checkUpdateWishListAdded_P -->
      </class> <!-- testCases.WishLists.TC03_UpdateWishListById -->
    </test> <!-- E2E WishList APIs -->
  </suite> <!-- All Tests for WishList -->
  <suite started-at="2025-05-18T21:46:47 EEST" name="All Test Suite" finished-at="2025-05-18T21:46:47 EEST" duration-ms="0">
    <groups>
    </groups>
  </suite> <!-- All Test Suite -->
  <suite started-at="2025-05-18T21:46:45 EEST" name="All Tests for User" finished-at="2025-05-18T21:46:46 EEST" duration-ms="938">
    <groups>
    </groups>
    <test started-at="2025-05-18T21:46:45 EEST" name="E2E User APIs" finished-at="2025-05-18T21:46:46 EEST" duration-ms="938">
      <class name="testCases.Users.TC05_DeleteUser">
        <test-method signature="checkDeleteUserById_P()[pri:1, instance:testCases.Users.TC05_DeleteUser@12704e15]" started-at="2025-05-18T21:46:46 EEST" name="checkDeleteUserById_P" description="check delete user by id " finished-at="2025-05-18T21:46:46 EEST" duration-ms="21" status="PASS">
          <reporter-output>
          </reporter-output>
        </test-method> <!-- checkDeleteUserById_P -->
      </class> <!-- testCases.Users.TC05_DeleteUser -->
      <class name="testCases.Users.TC04_PartialUpdateForUser">
        <test-method signature="checkPartialUpdate_P()[pri:1, instance:testCases.Users.TC04_PartialUpdateForUser@5793b87]" started-at="2025-05-18T21:46:46 EEST" name="checkPartialUpdate_P" description="check partial update for user api with valid data" finished-at="2025-05-18T21:46:46 EEST" duration-ms="34" status="PASS">
          <reporter-output>
          </reporter-output>
        </test-method> <!-- checkPartialUpdate_P -->
      </class> <!-- testCases.Users.TC04_PartialUpdateForUser -->
      <class name="testCases.Users.TC02_GetUser">
        <test-method signature="checkGetUserById_P()[pri:1, instance:testCases.Users.TC02_GetUser@352ed70d]" started-at="2025-05-18T21:46:46 EEST" name="checkGetUserById_P" description="Get user details API by ID" finished-at="2025-05-18T21:46:46 EEST" depends-on-methods="checkCreateNewUser_P" duration-ms="118" status="PASS">
          <reporter-output>
          </reporter-output>
        </test-method> <!-- checkGetUserById_P -->
        <test-method signature="checkGetUserAfterUpdate_P()[pri:2, instance:testCases.Users.TC02_GetUser@352ed70d]" started-at="2025-05-18T21:46:46 EEST" name="checkGetUserAfterUpdate_P" description="Get user details API after update" finished-at="2025-05-18T21:46:46 EEST" depends-on-methods="checkUpdateUserAdded_P" duration-ms="85" status="PASS">
          <reporter-output>
          </reporter-output>
        </test-method> <!-- checkGetUserAfterUpdate_P -->
        <test-method signature="checkRetrieveAllUsers_P()[pri:3, instance:testCases.Users.TC02_GetUser@352ed70d]" started-at="2025-05-18T21:46:46 EEST" name="checkRetrieveAllUsers_P" description="Get user details api by id" finished-at="2025-05-18T21:46:46 EEST" depends-on-methods="checkPartialUpdate_P" duration-ms="68" status="PASS">
          <reporter-output>
          </reporter-output>
        </test-method> <!-- checkRetrieveAllUsers_P -->
        <test-method signature="checkGetUserAfterDelete_P()[pri:4, instance:testCases.Users.TC02_GetUser@352ed70d]" started-at="2025-05-18T21:46:46 EEST" name="checkGetUserAfterDelete_P" description="check delete user by id " finished-at="2025-05-18T21:46:46 EEST" depends-on-methods="checkDeleteUserById_P" duration-ms="18" status="PASS">
          <reporter-output>
          </reporter-output>
        </test-method> <!-- checkGetUserAfterDelete_P -->
      </class> <!-- testCases.Users.TC02_GetUser -->
      <class name="testCases.Users.TC01_CreateUser">
        <test-method is-config="true" signature="setBaseURL()[pri:0, instance:testCases.Users.TC01_CreateUser@15405bd6]" started-at="2025-05-18T21:46:45 EEST" name="setBaseURL" finished-at="2025-05-18T21:46:45 EEST" duration-ms="1" status="PASS">
          <reporter-output>
          </reporter-output>
        </test-method> <!-- setBaseURL -->
        <test-method signature="checkCreateNewUser_P()[pri:1, instance:testCases.Users.TC01_CreateUser@15405bd6]" started-at="2025-05-18T21:46:45 EEST" name="checkCreateNewUser_P" description="Create user api with valid data" finished-at="2025-05-18T21:46:46 EEST" duration-ms="392" status="PASS">
          <reporter-output>
          </reporter-output>
        </test-method> <!-- checkCreateNewUser_P -->
      </class> <!-- testCases.Users.TC01_CreateUser -->
      <class name="testCases.Users.TC03_UpdateUserById">
        <test-method signature="checkUpdateUserAdded_P()[pri:1, instance:testCases.Users.TC03_UpdateUserById@70730db]" started-at="2025-05-18T21:46:46 EEST" name="checkUpdateUserAdded_P" description="Create user api with valid data" finished-at="2025-05-18T21:46:46 EEST" duration-ms="175" status="PASS">
          <reporter-output>
          </reporter-output>
        </test-method> <!-- checkUpdateUserAdded_P -->
      </class> <!-- testCases.Users.TC03_UpdateUserById -->
    </test> <!-- E2E User APIs -->
  </suite> <!-- All Tests for User -->
  <suite started-at="2025-05-18T21:46:45 EEST" name="All Tests for HouseHold" finished-at="2025-05-18T21:46:45 EEST" duration-ms="568">
    <groups>
    </groups>
    <test started-at="2025-05-18T21:46:45 EEST" name="E2E HouseHold APIs" finished-at="2025-05-18T21:46:45 EEST" duration-ms="568">
      <class name="testCases.HouseHolds.TC05_DeleteHouseHold">
        <test-method signature="checkDeleteHouseHoldById_P()[pri:1, instance:testCases.HouseHolds.TC05_DeleteHouseHold@5a3a1bf9]" started-at="2025-05-18T21:46:45 EEST" name="checkDeleteHouseHoldById_P" description="check delete houseHold by id " finished-at="2025-05-18T21:46:45 EEST" duration-ms="30" status="PASS">
          <reporter-output>
          </reporter-output>
        </test-method> <!-- checkDeleteHouseHoldById_P -->
      </class> <!-- testCases.HouseHolds.TC05_DeleteHouseHold -->
      <class name="testCases.HouseHolds.TC02_GetHouseHold">
        <test-method signature="checkGetHouseHoldById_P()[pri:1, instance:testCases.HouseHolds.TC02_GetHouseHold@94e51e8]" started-at="2025-05-18T21:46:45 EEST" name="checkGetHouseHoldById_P" description="Get household details after create" finished-at="2025-05-18T21:46:45 EEST" depends-on-methods="checkCreateNewHouseHold_P" duration-ms="59" status="PASS">
          <reporter-output>
          </reporter-output>
        </test-method> <!-- checkGetHouseHoldById_P -->
        <test-method signature="checkGetHouseHoldAfterUpdate_P()[pri:2, instance:testCases.HouseHolds.TC02_GetHouseHold@94e51e8]" started-at="2025-05-18T21:46:45 EEST" name="checkGetHouseHoldAfterUpdate_P" description="Get household details after update " finished-at="2025-05-18T21:46:45 EEST" depends-on-methods="checkUpdateHouseHoldAdded_P" duration-ms="54" status="PASS">
          <reporter-output>
          </reporter-output>
        </test-method> <!-- checkGetHouseHoldAfterUpdate_P -->
        <test-method signature="checkRetrieveAllHouseHold_P()[pri:3, instance:testCases.HouseHolds.TC02_GetHouseHold@94e51e8]" started-at="2025-05-18T21:46:45 EEST" name="checkRetrieveAllHouseHold_P" description="Get household details api by id" finished-at="2025-05-18T21:46:45 EEST" depends-on-methods="checkPartialUpdate_P" duration-ms="56" status="PASS">
          <reporter-output>
          </reporter-output>
        </test-method> <!-- checkRetrieveAllHouseHold_P -->
        <test-method signature="checkGetHouseHoldAfterDelete_P()[pri:4, instance:testCases.HouseHolds.TC02_GetHouseHold@94e51e8]" started-at="2025-05-18T21:46:45 EEST" name="checkGetHouseHoldAfterDelete_P" description="check delete household by id " finished-at="2025-05-18T21:46:45 EEST" depends-on-methods="checkDeleteHouseHoldById_P" duration-ms="28" status="PASS">
          <reporter-output>
          </reporter-output>
        </test-method> <!-- checkGetHouseHoldAfterDelete_P -->
      </class> <!-- testCases.HouseHolds.TC02_GetHouseHold -->
      <class name="testCases.HouseHolds.TC01_CreateHouseHold">
        <test-method is-config="true" signature="setBaseURL()[pri:0, instance:testCases.HouseHolds.TC01_CreateHouseHold@14a049f9]" started-at="2025-05-18T21:46:45 EEST" name="setBaseURL" finished-at="2025-05-18T21:46:45 EEST" duration-ms="1" status="PASS">
          <reporter-output>
          </reporter-output>
        </test-method> <!-- setBaseURL -->
        <test-method signature="checkCreateNewHouseHold_P()[pri:1, instance:testCases.HouseHolds.TC01_CreateHouseHold@14a049f9]" started-at="2025-05-18T21:46:45 EEST" name="checkCreateNewHouseHold_P" description="Create new household with valid data" finished-at="2025-05-18T21:46:45 EEST" duration-ms="140" status="PASS">
          <reporter-output>
          </reporter-output>
        </test-method> <!-- checkCreateNewHouseHold_P -->
      </class> <!-- testCases.HouseHolds.TC01_CreateHouseHold -->
      <class name="testCases.HouseHolds.TC04_PartialUpdateHouseHold">
        <test-method signature="checkPartialUpdate_P()[pri:1, instance:testCases.HouseHolds.TC04_PartialUpdateHouseHold@4cc36c19]" started-at="2025-05-18T21:46:45 EEST" name="checkPartialUpdate_P" description="check partial update api with valid data" finished-at="2025-05-18T21:46:45 EEST" duration-ms="47" status="PASS">
          <reporter-output>
          </reporter-output>
        </test-method> <!-- checkPartialUpdate_P -->
      </class> <!-- testCases.HouseHolds.TC04_PartialUpdateHouseHold -->
      <class name="testCases.HouseHolds.TC03_UpdateHouseHold">
        <test-method signature="checkUpdateHouseHoldAdded_P()[pri:1, instance:testCases.HouseHolds.TC03_UpdateHouseHold@5de6cf3a]" started-at="2025-05-18T21:46:45 EEST" name="checkUpdateHouseHoldAdded_P" description="Update household api with valid data" finished-at="2025-05-18T21:46:45 EEST" duration-ms="121" status="PASS">
          <reporter-output>
          </reporter-output>
        </test-method> <!-- checkUpdateHouseHoldAdded_P -->
      </class> <!-- testCases.HouseHolds.TC03_UpdateHouseHold -->
    </test> <!-- E2E HouseHold APIs -->
  </suite> <!-- All Tests for HouseHold -->
</testng-results>
