<?xml version="1.0" encoding="UTF-8"?>
<testng-results ignored="0" total="8" passed="8" failed="0" skipped="0">
  <reporter-output>
  </reporter-output>
  <suite started-at="2025-05-18T21:39:19 EEST" name="All Tests for Books" finished-at="2025-05-18T21:39:26 EEST" duration-ms="7246">
    <groups>
    </groups>
    <test started-at="2025-05-18T21:39:19 EEST" name="E2E WishList APIs" finished-at="2025-05-18T21:39:26 EEST" duration-ms="7246">
      <class name="testCases.WishLists.TC04_PartialUpdateForWishList">
        <test-method signature="checkPartialUpdate_P()[pri:1, instance:testCases.WishLists.TC04_PartialUpdateForWishList@3b35798]" started-at="2025-05-18T21:39:26 EEST" name="checkPartialUpdate_P" description="check partial update for wishlist api with valid data" finished-at="2025-05-18T21:39:26 EEST" duration-ms="47" status="PASS">
          <reporter-output>
          </reporter-output>
        </test-method> <!-- checkPartialUpdate_P -->
      </class> <!-- testCases.WishLists.TC04_PartialUpdateForWishList -->
      <class name="testCases.WishLists.TC05_DeleteWishList">
        <test-method signature="checkDeleteWishListById_P()[pri:1, instance:testCases.WishLists.TC05_DeleteWishList@1e00bfe2]" started-at="2025-05-18T21:39:26 EEST" name="checkDeleteWishListById_P" description="check delete wishlist by id " finished-at="2025-05-18T21:39:26 EEST" duration-ms="29" status="PASS">
          <reporter-output>
          </reporter-output>
        </test-method> <!-- checkDeleteWishListById_P -->
      </class> <!-- testCases.WishLists.TC05_DeleteWishList -->
      <class name="testCases.WishLists.TC02_GetWishListByID">
        <test-method signature="checkGetWishListById_P()[pri:1, instance:testCases.WishLists.TC02_GetWishListByID@632383b9]" started-at="2025-05-18T21:39:25 EEST" name="checkGetWishListById_P" description="Get wishlist details by ID" finished-at="2025-05-18T21:39:26 EEST" depends-on-methods="checkCreateNewWishList_P" duration-ms="122" status="PASS">
          <reporter-output>
          </reporter-output>
        </test-method> <!-- checkGetWishListById_P -->
        <test-method signature="checkGetWishListAfterUpdate_P()[pri:2, instance:testCases.WishLists.TC02_GetWishListByID@632383b9]" started-at="2025-05-18T21:39:26 EEST" name="checkGetWishListAfterUpdate_P" description="Get wishlist details after update" finished-at="2025-05-18T21:39:26 EEST" depends-on-methods="checkUpdateWishListAdded_P" duration-ms="103" status="PASS">
          <reporter-output>
          </reporter-output>
        </test-method> <!-- checkGetWishListAfterUpdate_P -->
        <test-method signature="checkRetrieveAllWishList_P()[pri:3, instance:testCases.WishLists.TC02_GetWishListByID@632383b9]" started-at="2025-05-18T21:39:26 EEST" name="checkRetrieveAllWishList_P" description="Get wishlist details api by id" finished-at="2025-05-18T21:39:26 EEST" depends-on-methods="checkPartialUpdate_P" duration-ms="71" status="PASS">
          <reporter-output>
          </reporter-output>
        </test-method> <!-- checkRetrieveAllWishList_P -->
        <test-method signature="checkGetWishListAfterDelete_P()[pri:4, instance:testCases.WishLists.TC02_GetWishListByID@632383b9]" started-at="2025-05-18T21:39:26 EEST" name="checkGetWishListAfterDelete_P" description="check delete wishlist by id " finished-at="2025-05-18T21:39:26 EEST" depends-on-methods="checkDeleteWishListById_P" duration-ms="29" status="PASS">
          <reporter-output>
          </reporter-output>
        </test-method> <!-- checkGetWishListAfterDelete_P -->
      </class> <!-- testCases.WishLists.TC02_GetWishListByID -->
      <class name="testCases.WishLists.TC01_CreateWishList">
        <test-method is-config="true" signature="setBaseURL()[pri:0, instance:testCases.WishLists.TC01_CreateWishList@7d2c345d]" started-at="2025-05-18T21:39:19 EEST" name="setBaseURL" finished-at="2025-05-18T21:39:20 EEST" duration-ms="1050" status="PASS">
          <reporter-output>
          </reporter-output>
        </test-method> <!-- setBaseURL -->
        <test-method signature="checkCreateNewWishList_P()[pri:1, instance:testCases.WishLists.TC01_CreateWishList@7d2c345d]" started-at="2025-05-18T21:39:20 EEST" name="checkCreateNewWishList_P" description="Create wishlist api with valid data" finished-at="2025-05-18T21:39:25 EEST" duration-ms="5272" status="PASS">
          <reporter-output>
          </reporter-output>
        </test-method> <!-- checkCreateNewWishList_P -->
      </class> <!-- testCases.WishLists.TC01_CreateWishList -->
      <class name="testCases.WishLists.TC03_UpdateWishListById">
        <test-method signature="checkUpdateWishListAdded_P()[pri:1, instance:testCases.WishLists.TC03_UpdateWishListById@6a98f353]" started-at="2025-05-18T21:39:26 EEST" name="checkUpdateWishListAdded_P" description="Create wishlist api with valid data" finished-at="2025-05-18T21:39:26 EEST" duration-ms="206" status="PASS">
          <reporter-output>
          </reporter-output>
        </test-method> <!-- checkUpdateWishListAdded_P -->
      </class> <!-- testCases.WishLists.TC03_UpdateWishListById -->
    </test> <!-- E2E WishList APIs -->
  </suite> <!-- All Tests for Books -->
</testng-results>
