<?xml version="1.0" encoding="UTF-8"?>
<!-- Generated by org.testng.reporters.JUnitXMLReporter -->
<testsuite ignored="4" hostname="DESKTOP-FA6R54Q" failures="0" tests="8" name="Create new book" time="7.548" errors="0" timestamp="2025-05-18T20:38:41 EEST">
  <testcase classname="testCases.Book.TC01_CreateBook" name="checkCreateNewBook_P" time="5.036"/>
  <testcase classname="testCases.Book.TC02_GetBook" name="checkGetBookById_P" time="0.137"/>
  <testcase classname="testCases.Book.TC03_UpdateBookById" name="checkUpdateBookAdded_P" time="0.385"/>
  <testcase classname="testCases.Book.TC02_GetBook" name="checkGetBookByIdAfterUpdate_P" time="0.22"/>
  <testcase classname="testCases.Book.TC04_PartialUpdateForBook" name="checkPartialUpdate_P" time="0.061"/>
  <testcase classname="testCases.Book.TC02_GetBook" name="checkRetrieveAllBooks_P" time="0.162"/>
  <testcase classname="testCases.Book.TC05_DeleteBook" name="checkDeleteBookById_P" time="0.033"/>
  <testcase classname="testCases.Book.TC02_GetBook" name="checkGetBookAfterDelete_P" time="0.029"/>
  <testcase classname="testCases.TestBase" name="@BeforeTest setBaseURL" time="0.0">
    <ignored/>
  </testcase> <!-- @BeforeTest setBaseURL -->
  <testcase classname="testCases.TestBase" name="@BeforeTest setBaseURL" time="0.0">
    <ignored/>
  </testcase> <!-- @BeforeTest setBaseURL -->
  <testcase classname="testCases.TestBase" name="@BeforeTest setBaseURL" time="0.0">
    <ignored/>
  </testcase> <!-- @BeforeTest setBaseURL -->
  <testcase classname="testCases.TestBase" name="@BeforeTest setBaseURL" time="0.0">
    <ignored/>
  </testcase> <!-- @BeforeTest setBaseURL -->
</testsuite> <!-- Create new book -->
